The system is: Linux - 4.8.0-52-generic - x86_64
Compiling the C compiler identification source file "CMakeCCompilerId.c" succeeded.
Compiler: /usr/bin/cc 
Build flags: ;-ffunction-sections;-fdata-sections;-fPIC;-m64
Id flags: 

The output was:
0


Compilation of the C compiler identification source "CMakeCCompilerId.c" produced "a.out"

The C compiler identification is GNU, found in "/home/unpatched/internetbroadcastingservice/target/release/build/glfw-sys-8482b73185c0cce9/out/build/CMakeFiles/3.5.1/CompilerIdC/a.out"

Determining if the C compiler works passed with the following output:
Change Dir: /home/unpatched/internetbroadcastingservice/target/release/build/glfw-sys-8482b73185c0cce9/out/build/CMakeFiles/CMakeTmp

Run Build Command:"/usr/bin/make" "cmTC_00961/fast"
/usr/bin/make -f CMakeFiles/cmTC_00961.dir/build.make CMakeFiles/cmTC_00961.dir/build
make[1]: Entering directory '/home/unpatched/internetbroadcastingservice/target/release/build/glfw-sys-8482b73185c0cce9/out/build/CMakeFiles/CMakeTmp'
Building C object CMakeFiles/cmTC_00961.dir/testCCompiler.c.o
/usr/bin/cc    -ffunction-sections -fdata-sections -fPIC -m64    -o CMakeFiles/cmTC_00961.dir/testCCompiler.c.o   -c /home/unpatched/internetbroadcastingservice/target/release/build/glfw-sys-8482b73185c0cce9/out/build/CMakeFiles/CMakeTmp/testCCompiler.c
Linking C executable cmTC_00961
/usr/bin/cmake -E cmake_link_script CMakeFiles/cmTC_00961.dir/link.txt --verbose=1
/usr/bin/cc   -ffunction-sections -fdata-sections -fPIC -m64     CMakeFiles/cmTC_00961.dir/testCCompiler.c.o  -o cmTC_00961 -rdynamic 
make[1]: Leaving directory '/home/unpatched/internetbroadcastingservice/target/release/build/glfw-sys-8482b73185c0cce9/out/build/CMakeFiles/CMakeTmp'


Detecting C compiler ABI info compiled with the following output:
Change Dir: /home/unpatched/internetbroadcastingservice/target/release/build/glfw-sys-8482b73185c0cce9/out/build/CMakeFiles/CMakeTmp

Run Build Command:"/usr/bin/make" "cmTC_964ad/fast"
/usr/bin/make -f CMakeFiles/cmTC_964ad.dir/build.make CMakeFiles/cmTC_964ad.dir/build
make[1]: Entering directory '/home/unpatched/internetbroadcastingservice/target/release/build/glfw-sys-8482b73185c0cce9/out/build/CMakeFiles/CMakeTmp'
Building C object CMakeFiles/cmTC_964ad.dir/CMakeCCompilerABI.c.o
/usr/bin/cc    -ffunction-sections -fdata-sections -fPIC -m64    -o CMakeFiles/cmTC_964ad.dir/CMakeCCompilerABI.c.o   -c /usr/share/cmake-3.5/Modules/CMakeCCompilerABI.c
Linking C executable cmTC_964ad
/usr/bin/cmake -E cmake_link_script CMakeFiles/cmTC_964ad.dir/link.txt --verbose=1
/usr/bin/cc   -ffunction-sections -fdata-sections -fPIC -m64    -v CMakeFiles/cmTC_964ad.dir/CMakeCCompilerABI.c.o  -o cmTC_964ad -rdynamic  
Using built-in specs.
COLLECT_GCC=/usr/bin/cc
COLLECT_LTO_WRAPPER=/usr/lib/gcc/x86_64-linux-gnu/5/lto-wrapper
Target: x86_64-linux-gnu
Configured with: ../src/configure -v --with-pkgversion='Ubuntu 5.4.0-6ubuntu1~16.04.4' --with-bugurl=file:///usr/share/doc/gcc-5/README.Bugs --enable-languages=c,ada,c++,java,go,d,fortran,objc,obj-c++ --prefix=/usr --program-suffix=-5 --enable-shared --enable-linker-build-id --libexecdir=/usr/lib --without-included-gettext --enable-threads=posix --libdir=/usr/lib --enable-nls --with-sysroot=/ --enable-clocale=gnu --enable-libstdcxx-debug --enable-libstdcxx-time=yes --with-default-libstdcxx-abi=new --enable-gnu-unique-object --disable-vtable-verify --enable-libmpx --enable-plugin --with-system-zlib --disable-browser-plugin --enable-java-awt=gtk --enable-gtk-cairo --with-java-home=/usr/lib/jvm/java-1.5.0-gcj-5-amd64/jre --enable-java-home --with-jvm-root-dir=/usr/lib/jvm/java-1.5.0-gcj-5-amd64 --with-jvm-jar-dir=/usr/lib/jvm-exports/java-1.5.0-gcj-5-amd64 --with-arch-directory=amd64 --with-ecj-jar=/usr/share/java/eclipse-ecj.jar --enable-objc-gc --enable-multiarch --disable-werror --with-arch-32=i686 --with-abi=m64 --with-multilib-list=m32,m64,mx32 --enable-multilib --with-tune=generic --enable-checking=release --build=x86_64-linux-gnu --host=x86_64-linux-gnu --target=x86_64-linux-gnu
Thread model: posix
gcc version 5.4.0 20160609 (Ubuntu 5.4.0-6ubuntu1~16.04.4) 
COMPILER_PATH=/usr/lib/gcc/x86_64-linux-gnu/5/:/usr/lib/gcc/x86_64-linux-gnu/5/:/usr/lib/gcc/x86_64-linux-gnu/:/usr/lib/gcc/x86_64-linux-gnu/5/:/usr/lib/gcc/x86_64-linux-gnu/
LIBRARY_PATH=/usr/lib/gcc/x86_64-linux-gnu/5/:/usr/lib/gcc/x86_64-linux-gnu/5/../../../x86_64-linux-gnu/:/usr/lib/gcc/x86_64-linux-gnu/5/../../../../lib/:/lib/x86_64-linux-gnu/:/lib/../lib/:/usr/lib/x86_64-linux-gnu/:/usr/lib/../lib/:/usr/lib/gcc/x86_64-linux-gnu/5/../../../:/lib/:/usr/lib/
COLLECT_GCC_OPTIONS='-ffunction-sections' '-fdata-sections' '-fPIC' '-m64' '-v' '-o' 'cmTC_964ad' '-rdynamic' '-mtune=generic' '-march=x86-64'
 /usr/lib/gcc/x86_64-linux-gnu/5/collect2 -plugin /usr/lib/gcc/x86_64-linux-gnu/5/liblto_plugin.so -plugin-opt=/usr/lib/gcc/x86_64-linux-gnu/5/lto-wrapper -plugin-opt=-fresolution=/tmp/ccnoCg7O.res -plugin-opt=-pass-through=-lgcc -plugin-opt=-pass-through=-lgcc_s -plugin-opt=-pass-through=-lc -plugin-opt=-pass-through=-lgcc -plugin-opt=-pass-through=-lgcc_s --sysroot=/ --build-id --eh-frame-hdr -m elf_x86_64 --hash-style=gnu --as-needed -export-dynamic -dynamic-linker /lib64/ld-linux-x86-64.so.2 -z relro -o cmTC_964ad /usr/lib/gcc/x86_64-linux-gnu/5/../../../x86_64-linux-gnu/crt1.o /usr/lib/gcc/x86_64-linux-gnu/5/../../../x86_64-linux-gnu/crti.o /usr/lib/gcc/x86_64-linux-gnu/5/crtbegin.o -L/usr/lib/gcc/x86_64-linux-gnu/5 -L/usr/lib/gcc/x86_64-linux-gnu/5/../../../x86_64-linux-gnu -L/usr/lib/gcc/x86_64-linux-gnu/5/../../../../lib -L/lib/x86_64-linux-gnu -L/lib/../lib -L/usr/lib/x86_64-linux-gnu -L/usr/lib/../lib -L/usr/lib/gcc/x86_64-linux-gnu/5/../../.. CMakeFiles/cmTC_964ad.dir/CMakeCCompilerABI.c.o -lgcc --as-needed -lgcc_s --no-as-needed -lc -lgcc --as-needed -lgcc_s --no-as-needed /usr/lib/gcc/x86_64-linux-gnu/5/crtend.o /usr/lib/gcc/x86_64-linux-gnu/5/../../../x86_64-linux-gnu/crtn.o
make[1]: Leaving directory '/home/unpatched/internetbroadcastingservice/target/release/build/glfw-sys-8482b73185c0cce9/out/build/CMakeFiles/CMakeTmp'


Parsed C implicit link information from above output:
  link line regex: [^( *|.*[/\])(ld|([^/\]+-)?ld|collect2)[^/\]*( |$)]
  ignore line: [Change Dir: /home/unpatched/internetbroadcastingservice/target/release/build/glfw-sys-8482b73185c0cce9/out/build/CMakeFiles/CMakeTmp]
  ignore line: []
  ignore line: [Run Build Command:"/usr/bin/make" "cmTC_964ad/fast"]
  ignore line: [/usr/bin/make -f CMakeFiles/cmTC_964ad.dir/build.make CMakeFiles/cmTC_964ad.dir/build]
  ignore line: [make[1]: Entering directory '/home/unpatched/internetbroadcastingservice/target/release/build/glfw-sys-8482b73185c0cce9/out/build/CMakeFiles/CMakeTmp']
  ignore line: [Building C object CMakeFiles/cmTC_964ad.dir/CMakeCCompilerABI.c.o]
  ignore line: [/usr/bin/cc    -ffunction-sections -fdata-sections -fPIC -m64    -o CMakeFiles/cmTC_964ad.dir/CMakeCCompilerABI.c.o   -c /usr/share/cmake-3.5/Modules/CMakeCCompilerABI.c]
  ignore line: [Linking C executable cmTC_964ad]
  ignore line: [/usr/bin/cmake -E cmake_link_script CMakeFiles/cmTC_964ad.dir/link.txt --verbose=1]
  ignore line: [/usr/bin/cc   -ffunction-sections -fdata-sections -fPIC -m64    -v CMakeFiles/cmTC_964ad.dir/CMakeCCompilerABI.c.o  -o cmTC_964ad -rdynamic  ]
  ignore line: [Using built-in specs.]
  ignore line: [COLLECT_GCC=/usr/bin/cc]
  ignore line: [COLLECT_LTO_WRAPPER=/usr/lib/gcc/x86_64-linux-gnu/5/lto-wrapper]
  ignore line: [Target: x86_64-linux-gnu]
  ignore line: [Configured with: ../src/configure -v --with-pkgversion='Ubuntu 5.4.0-6ubuntu1~16.04.4' --with-bugurl=file:///usr/share/doc/gcc-5/README.Bugs --enable-languages=c,ada,c++,java,go,d,fortran,objc,obj-c++ --prefix=/usr --program-suffix=-5 --enable-shared --enable-linker-build-id --libexecdir=/usr/lib --without-included-gettext --enable-threads=posix --libdir=/usr/lib --enable-nls --with-sysroot=/ --enable-clocale=gnu --enable-libstdcxx-debug --enable-libstdcxx-time=yes --with-default-libstdcxx-abi=new --enable-gnu-unique-object --disable-vtable-verify --enable-libmpx --enable-plugin --with-system-zlib --disable-browser-plugin --enable-java-awt=gtk --enable-gtk-cairo --with-java-home=/usr/lib/jvm/java-1.5.0-gcj-5-amd64/jre --enable-java-home --with-jvm-root-dir=/usr/lib/jvm/java-1.5.0-gcj-5-amd64 --with-jvm-jar-dir=/usr/lib/jvm-exports/java-1.5.0-gcj-5-amd64 --with-arch-directory=amd64 --with-ecj-jar=/usr/share/java/eclipse-ecj.jar --enable-objc-gc --enable-multiarch --disable-werror --with-arch-32=i686 --with-abi=m64 --with-multilib-list=m32,m64,mx32 --enable-multilib --with-tune=generic --enable-checking=release --build=x86_64-linux-gnu --host=x86_64-linux-gnu --target=x86_64-linux-gnu]
  ignore line: [Thread model: posix]
  ignore line: [gcc version 5.4.0 20160609 (Ubuntu 5.4.0-6ubuntu1~16.04.4) ]
  ignore line: [COMPILER_PATH=/usr/lib/gcc/x86_64-linux-gnu/5/:/usr/lib/gcc/x86_64-linux-gnu/5/:/usr/lib/gcc/x86_64-linux-gnu/:/usr/lib/gcc/x86_64-linux-gnu/5/:/usr/lib/gcc/x86_64-linux-gnu/]
  ignore line: [LIBRARY_PATH=/usr/lib/gcc/x86_64-linux-gnu/5/:/usr/lib/gcc/x86_64-linux-gnu/5/../../../x86_64-linux-gnu/:/usr/lib/gcc/x86_64-linux-gnu/5/../../../../lib/:/lib/x86_64-linux-gnu/:/lib/../lib/:/usr/lib/x86_64-linux-gnu/:/usr/lib/../lib/:/usr/lib/gcc/x86_64-linux-gnu/5/../../../:/lib/:/usr/lib/]
  ignore line: [COLLECT_GCC_OPTIONS='-ffunction-sections' '-fdata-sections' '-fPIC' '-m64' '-v' '-o' 'cmTC_964ad' '-rdynamic' '-mtune=generic' '-march=x86-64']
  link line: [ /usr/lib/gcc/x86_64-linux-gnu/5/collect2 -plugin /usr/lib/gcc/x86_64-linux-gnu/5/liblto_plugin.so -plugin-opt=/usr/lib/gcc/x86_64-linux-gnu/5/lto-wrapper -plugin-opt=-fresolution=/tmp/ccnoCg7O.res -plugin-opt=-pass-through=-lgcc -plugin-opt=-pass-through=-lgcc_s -plugin-opt=-pass-through=-lc -plugin-opt=-pass-through=-lgcc -plugin-opt=-pass-through=-lgcc_s --sysroot=/ --build-id --eh-frame-hdr -m elf_x86_64 --hash-style=gnu --as-needed -export-dynamic -dynamic-linker /lib64/ld-linux-x86-64.so.2 -z relro -o cmTC_964ad /usr/lib/gcc/x86_64-linux-gnu/5/../../../x86_64-linux-gnu/crt1.o /usr/lib/gcc/x86_64-linux-gnu/5/../../../x86_64-linux-gnu/crti.o /usr/lib/gcc/x86_64-linux-gnu/5/crtbegin.o -L/usr/lib/gcc/x86_64-linux-gnu/5 -L/usr/lib/gcc/x86_64-linux-gnu/5/../../../x86_64-linux-gnu -L/usr/lib/gcc/x86_64-linux-gnu/5/../../../../lib -L/lib/x86_64-linux-gnu -L/lib/../lib -L/usr/lib/x86_64-linux-gnu -L/usr/lib/../lib -L/usr/lib/gcc/x86_64-linux-gnu/5/../../.. CMakeFiles/cmTC_964ad.dir/CMakeCCompilerABI.c.o -lgcc --as-needed -lgcc_s --no-as-needed -lc -lgcc --as-needed -lgcc_s --no-as-needed /usr/lib/gcc/x86_64-linux-gnu/5/crtend.o /usr/lib/gcc/x86_64-linux-gnu/5/../../../x86_64-linux-gnu/crtn.o]
    arg [/usr/lib/gcc/x86_64-linux-gnu/5/collect2] ==> ignore
    arg [-plugin] ==> ignore
    arg [/usr/lib/gcc/x86_64-linux-gnu/5/liblto_plugin.so] ==> ignore
    arg [-plugin-opt=/usr/lib/gcc/x86_64-linux-gnu/5/lto-wrapper] ==> ignore
    arg [-plugin-opt=-fresolution=/tmp/ccnoCg7O.res] ==> ignore
    arg [-plugin-opt=-pass-through=-lgcc] ==> ignore
    arg [-plugin-opt=-pass-through=-lgcc_s] ==> ignore
    arg [-plugin-opt=-pass-through=-lc] ==> ignore
    arg [-plugin-opt=-pass-through=-lgcc] ==> ignore
    arg [-plugin-opt=-pass-through=-lgcc_s] ==> ignore
    arg [--sysroot=/] ==> ignore
    arg [--build-id] ==> ignore
    arg [--eh-frame-hdr] ==> ignore
    arg [-m] ==> ignore
    arg [elf_x86_64] ==> ignore
    arg [--hash-style=gnu] ==> ignore
    arg [--as-needed] ==> ignore
    arg [-export-dynamic] ==> ignore
    arg [-dynamic-linker] ==> ignore
    arg [/lib64/ld-linux-x86-64.so.2] ==> ignore
    arg [-zrelro] ==> ignore
    arg [-o] ==> ignore
    arg [cmTC_964ad] ==> ignore
    arg [/usr/lib/gcc/x86_64-linux-gnu/5/../../../x86_64-linux-gnu/crt1.o] ==> ignore
    arg [/usr/lib/gcc/x86_64-linux-gnu/5/../../../x86_64-linux-gnu/crti.o] ==> ignore
    arg [/usr/lib/gcc/x86_64-linux-gnu/5/crtbegin.o] ==> ignore
    arg [-L/usr/lib/gcc/x86_64-linux-gnu/5] ==> dir [/usr/lib/gcc/x86_64-linux-gnu/5]
    arg [-L/usr/lib/gcc/x86_64-linux-gnu/5/../../../x86_64-linux-gnu] ==> dir [/usr/lib/gcc/x86_64-linux-gnu/5/../../../x86_64-linux-gnu]
    arg [-L/usr/lib/gcc/x86_64-linux-gnu/5/../../../../lib] ==> dir [/usr/lib/gcc/x86_64-linux-gnu/5/../../../../lib]
    arg [-L/lib/x86_64-linux-gnu] ==> dir [/lib/x86_64-linux-gnu]
    arg [-L/lib/../lib] ==> dir [/lib/../lib]
    arg [-L/usr/lib/x86_64-linux-gnu] ==> dir [/usr/lib/x86_64-linux-gnu]
    arg [-L/usr/lib/../lib] ==> dir [/usr/lib/../lib]
    arg [-L/usr/lib/gcc/x86_64-linux-gnu/5/../../..] ==> dir [/usr/lib/gcc/x86_64-linux-gnu/5/../../..]
    arg [CMakeFiles/cmTC_964ad.dir/CMakeCCompilerABI.c.o] ==> ignore
    arg [-lgcc] ==> lib [gcc]
    arg [--as-needed] ==> ignore
    arg [-lgcc_s] ==> lib [gcc_s]
    arg [--no-as-needed] ==> ignore
    arg [-lc] ==> lib [c]
    arg [-lgcc] ==> lib [gcc]
    arg [--as-needed] ==> ignore
    arg [-lgcc_s] ==> lib [gcc_s]
    arg [--no-as-needed] ==> ignore
    arg [/usr/lib/gcc/x86_64-linux-gnu/5/crtend.o] ==> ignore
    arg [/usr/lib/gcc/x86_64-linux-gnu/5/../../../x86_64-linux-gnu/crtn.o] ==> ignore
  remove lib [gcc]
  remove lib [gcc_s]
  remove lib [gcc]
  remove lib [gcc_s]
  collapse library dir [/usr/lib/gcc/x86_64-linux-gnu/5] ==> [/usr/lib/gcc/x86_64-linux-gnu/5]
  collapse library dir [/usr/lib/gcc/x86_64-linux-gnu/5/../../../x86_64-linux-gnu] ==> [/usr/lib/x86_64-linux-gnu]
  collapse library dir [/usr/lib/gcc/x86_64-linux-gnu/5/../../../../lib] ==> [/usr/lib]
  collapse library dir [/lib/x86_64-linux-gnu] ==> [/lib/x86_64-linux-gnu]
  collapse library dir [/lib/../lib] ==> [/lib]
  collapse library dir [/usr/lib/x86_64-linux-gnu] ==> [/usr/lib/x86_64-linux-gnu]
  collapse library dir [/usr/lib/../lib] ==> [/usr/lib]
  collapse library dir [/usr/lib/gcc/x86_64-linux-gnu/5/../../..] ==> [/usr/lib]
  implicit libs: [c]
  implicit dirs: [/usr/lib/gcc/x86_64-linux-gnu/5;/usr/lib/x86_64-linux-gnu;/usr/lib;/lib/x86_64-linux-gnu;/lib]
  implicit fwks: []




Detecting C [-std=c11] compiler features compiled with the following output:
Change Dir: /home/unpatched/internetbroadcastingservice/target/release/build/glfw-sys-8482b73185c0cce9/out/build/CMakeFiles/CMakeTmp

Run Build Command:"/usr/bin/make" "cmTC_a98e0/fast"
/usr/bin/make -f CMakeFiles/cmTC_a98e0.dir/build.make CMakeFiles/cmTC_a98e0.dir/build
make[1]: Entering directory '/home/unpatched/internetbroadcastingservice/target/release/build/glfw-sys-8482b73185c0cce9/out/build/CMakeFiles/CMakeTmp'
Building C object CMakeFiles/cmTC_a98e0.dir/feature_tests.c.o
/usr/bin/cc    -ffunction-sections -fdata-sections -fPIC -m64    -std=c11 -o CMakeFiles/cmTC_a98e0.dir/feature_tests.c.o   -c /home/unpatched/internetbroadcastingservice/target/release/build/glfw-sys-8482b73185c0cce9/out/build/CMakeFiles/feature_tests.c
Linking C executable cmTC_a98e0
/usr/bin/cmake -E cmake_link_script CMakeFiles/cmTC_a98e0.dir/link.txt --verbose=1
/usr/bin/cc   -ffunction-sections -fdata-sections -fPIC -m64     CMakeFiles/cmTC_a98e0.dir/feature_tests.c.o  -o cmTC_a98e0 -rdynamic 
make[1]: Leaving directory '/home/unpatched/internetbroadcastingservice/target/release/build/glfw-sys-8482b73185c0cce9/out/build/CMakeFiles/CMakeTmp'


    Feature record: C_FEATURE:1c_function_prototypes
    Feature record: C_FEATURE:1c_restrict
    Feature record: C_FEATURE:1c_static_assert
    Feature record: C_FEATURE:1c_variadic_macros


Detecting C [-std=c99] compiler features compiled with the following output:
Change Dir: /home/unpatched/internetbroadcastingservice/target/release/build/glfw-sys-8482b73185c0cce9/out/build/CMakeFiles/CMakeTmp

Run Build Command:"/usr/bin/make" "cmTC_7668c/fast"
/usr/bin/make -f CMakeFiles/cmTC_7668c.dir/build.make CMakeFiles/cmTC_7668c.dir/build
make[1]: Entering directory '/home/unpatched/internetbroadcastingservice/target/release/build/glfw-sys-8482b73185c0cce9/out/build/CMakeFiles/CMakeTmp'
Building C object CMakeFiles/cmTC_7668c.dir/feature_tests.c.o
/usr/bin/cc    -ffunction-sections -fdata-sections -fPIC -m64    -std=c99 -o CMakeFiles/cmTC_7668c.dir/feature_tests.c.o   -c /home/unpatched/internetbroadcastingservice/target/release/build/glfw-sys-8482b73185c0cce9/out/build/CMakeFiles/feature_tests.c
Linking C executable cmTC_7668c
/usr/bin/cmake -E cmake_link_script CMakeFiles/cmTC_7668c.dir/link.txt --verbose=1
/usr/bin/cc   -ffunction-sections -fdata-sections -fPIC -m64     CMakeFiles/cmTC_7668c.dir/feature_tests.c.o  -o cmTC_7668c -rdynamic 
make[1]: Leaving directory '/home/unpatched/internetbroadcastingservice/target/release/build/glfw-sys-8482b73185c0cce9/out/build/CMakeFiles/CMakeTmp'


    Feature record: C_FEATURE:1c_function_prototypes
    Feature record: C_FEATURE:1c_restrict
    Feature record: C_FEATURE:0c_static_assert
    Feature record: C_FEATURE:1c_variadic_macros


Detecting C [-std=c90] compiler features compiled with the following output:
Change Dir: /home/unpatched/internetbroadcastingservice/target/release/build/glfw-sys-8482b73185c0cce9/out/build/CMakeFiles/CMakeTmp

Run Build Command:"/usr/bin/make" "cmTC_2ad82/fast"
/usr/bin/make -f CMakeFiles/cmTC_2ad82.dir/build.make CMakeFiles/cmTC_2ad82.dir/build
make[1]: Entering directory '/home/unpatched/internetbroadcastingservice/target/release/build/glfw-sys-8482b73185c0cce9/out/build/CMakeFiles/CMakeTmp'
Building C object CMakeFiles/cmTC_2ad82.dir/feature_tests.c.o
/usr/bin/cc    -ffunction-sections -fdata-sections -fPIC -m64    -std=c90 -o CMakeFiles/cmTC_2ad82.dir/feature_tests.c.o   -c /home/unpatched/internetbroadcastingservice/target/release/build/glfw-sys-8482b73185c0cce9/out/build/CMakeFiles/feature_tests.c
Linking C executable cmTC_2ad82
/usr/bin/cmake -E cmake_link_script CMakeFiles/cmTC_2ad82.dir/link.txt --verbose=1
/usr/bin/cc   -ffunction-sections -fdata-sections -fPIC -m64     CMakeFiles/cmTC_2ad82.dir/feature_tests.c.o  -o cmTC_2ad82 -rdynamic 
make[1]: Leaving directory '/home/unpatched/internetbroadcastingservice/target/release/build/glfw-sys-8482b73185c0cce9/out/build/CMakeFiles/CMakeTmp'


    Feature record: C_FEATURE:1c_function_prototypes
    Feature record: C_FEATURE:0c_restrict
    Feature record: C_FEATURE:0c_static_assert
    Feature record: C_FEATURE:0c_variadic_macros
Determining if the include file pthread.h exists passed with the following output:
Change Dir: /home/unpatched/internetbroadcastingservice/target/release/build/glfw-sys-8482b73185c0cce9/out/build/CMakeFiles/CMakeTmp

Run Build Command:"/usr/bin/make" "cmTC_6a9e3/fast"
/usr/bin/make -f CMakeFiles/cmTC_6a9e3.dir/build.make CMakeFiles/cmTC_6a9e3.dir/build
make[1]: Entering directory '/home/unpatched/internetbroadcastingservice/target/release/build/glfw-sys-8482b73185c0cce9/out/build/CMakeFiles/CMakeTmp'
Building C object CMakeFiles/cmTC_6a9e3.dir/CheckIncludeFile.c.o
/usr/bin/cc    -ffunction-sections -fdata-sections -fPIC -m64    -o CMakeFiles/cmTC_6a9e3.dir/CheckIncludeFile.c.o   -c /home/unpatched/internetbroadcastingservice/target/release/build/glfw-sys-8482b73185c0cce9/out/build/CMakeFiles/CMakeTmp/CheckIncludeFile.c
Linking C executable cmTC_6a9e3
/usr/bin/cmake -E cmake_link_script CMakeFiles/cmTC_6a9e3.dir/link.txt --verbose=1
/usr/bin/cc   -ffunction-sections -fdata-sections -fPIC -m64     CMakeFiles/cmTC_6a9e3.dir/CheckIncludeFile.c.o  -o cmTC_6a9e3 -rdynamic 
make[1]: Leaving directory '/home/unpatched/internetbroadcastingservice/target/release/build/glfw-sys-8482b73185c0cce9/out/build/CMakeFiles/CMakeTmp'


Determining if the function pthread_create exists in the pthread passed with the following output:
Change Dir: /home/unpatched/internetbroadcastingservice/target/release/build/glfw-sys-8482b73185c0cce9/out/build/CMakeFiles/CMakeTmp

Run Build Command:"/usr/bin/make" "cmTC_adc50/fast"
/usr/bin/make -f CMakeFiles/cmTC_adc50.dir/build.make CMakeFiles/cmTC_adc50.dir/build
make[1]: Entering directory '/home/unpatched/internetbroadcastingservice/target/release/build/glfw-sys-8482b73185c0cce9/out/build/CMakeFiles/CMakeTmp'
Building C object CMakeFiles/cmTC_adc50.dir/CheckFunctionExists.c.o
/usr/bin/cc    -ffunction-sections -fdata-sections -fPIC -m64 -DCHECK_FUNCTION_EXISTS=pthread_create   -o CMakeFiles/cmTC_adc50.dir/CheckFunctionExists.c.o   -c /usr/share/cmake-3.5/Modules/CheckFunctionExists.c
Linking C executable cmTC_adc50
/usr/bin/cmake -E cmake_link_script CMakeFiles/cmTC_adc50.dir/link.txt --verbose=1
/usr/bin/cc   -ffunction-sections -fdata-sections -fPIC -m64 -DCHECK_FUNCTION_EXISTS=pthread_create    CMakeFiles/cmTC_adc50.dir/CheckFunctionExists.c.o  -o cmTC_adc50 -rdynamic -lpthread 
make[1]: Leaving directory '/home/unpatched/internetbroadcastingservice/target/release/build/glfw-sys-8482b73185c0cce9/out/build/CMakeFiles/CMakeTmp'


Determining if the function XOpenDisplay exists in the /usr/lib/x86_64-linux-gnu/libX11.so;/usr/lib/x86_64-linux-gnu/libXext.so passed with the following output:
Change Dir: /home/unpatched/internetbroadcastingservice/target/release/build/glfw-sys-8482b73185c0cce9/out/build/CMakeFiles/CMakeTmp

Run Build Command:"/usr/bin/make" "cmTC_702f3/fast"
/usr/bin/make -f CMakeFiles/cmTC_702f3.dir/build.make CMakeFiles/cmTC_702f3.dir/build
make[1]: Entering directory '/home/unpatched/internetbroadcastingservice/target/release/build/glfw-sys-8482b73185c0cce9/out/build/CMakeFiles/CMakeTmp'
Building C object CMakeFiles/cmTC_702f3.dir/CheckFunctionExists.c.o
/usr/bin/cc    -ffunction-sections -fdata-sections -fPIC -m64 -DCHECK_FUNCTION_EXISTS=XOpenDisplay   -o CMakeFiles/cmTC_702f3.dir/CheckFunctionExists.c.o   -c /usr/share/cmake-3.5/Modules/CheckFunctionExists.c
Linking C executable cmTC_702f3
/usr/bin/cmake -E cmake_link_script CMakeFiles/cmTC_702f3.dir/link.txt --verbose=1
/usr/bin/cc   -ffunction-sections -fdata-sections -fPIC -m64 -DCHECK_FUNCTION_EXISTS=XOpenDisplay    CMakeFiles/cmTC_702f3.dir/CheckFunctionExists.c.o  -o cmTC_702f3 -rdynamic /usr/lib/x86_64-linux-gnu/libX11.so /usr/lib/x86_64-linux-gnu/libXext.so 
make[1]: Leaving directory '/home/unpatched/internetbroadcastingservice/target/release/build/glfw-sys-8482b73185c0cce9/out/build/CMakeFiles/CMakeTmp'


Determining if the function gethostbyname exists passed with the following output:
Change Dir: /home/unpatched/internetbroadcastingservice/target/release/build/glfw-sys-8482b73185c0cce9/out/build/CMakeFiles/CMakeTmp

Run Build Command:"/usr/bin/make" "cmTC_22055/fast"
/usr/bin/make -f CMakeFiles/cmTC_22055.dir/build.make CMakeFiles/cmTC_22055.dir/build
make[1]: Entering directory '/home/unpatched/internetbroadcastingservice/target/release/build/glfw-sys-8482b73185c0cce9/out/build/CMakeFiles/CMakeTmp'
Building C object CMakeFiles/cmTC_22055.dir/CheckFunctionExists.c.o
/usr/bin/cc    -ffunction-sections -fdata-sections -fPIC -m64 -DCHECK_FUNCTION_EXISTS=gethostbyname   -o CMakeFiles/cmTC_22055.dir/CheckFunctionExists.c.o   -c /usr/share/cmake-3.5/Modules/CheckFunctionExists.c
Linking C executable cmTC_22055
/usr/bin/cmake -E cmake_link_script CMakeFiles/cmTC_22055.dir/link.txt --verbose=1
/usr/bin/cc   -ffunction-sections -fdata-sections -fPIC -m64 -DCHECK_FUNCTION_EXISTS=gethostbyname    CMakeFiles/cmTC_22055.dir/CheckFunctionExists.c.o  -o cmTC_22055 -rdynamic 
make[1]: Leaving directory '/home/unpatched/internetbroadcastingservice/target/release/build/glfw-sys-8482b73185c0cce9/out/build/CMakeFiles/CMakeTmp'


Determining if the function connect exists passed with the following output:
Change Dir: /home/unpatched/internetbroadcastingservice/target/release/build/glfw-sys-8482b73185c0cce9/out/build/CMakeFiles/CMakeTmp

Run Build Command:"/usr/bin/make" "cmTC_96898/fast"
/usr/bin/make -f CMakeFiles/cmTC_96898.dir/build.make CMakeFiles/cmTC_96898.dir/build
make[1]: Entering directory '/home/unpatched/internetbroadcastingservice/target/release/build/glfw-sys-8482b73185c0cce9/out/build/CMakeFiles/CMakeTmp'
Building C object CMakeFiles/cmTC_96898.dir/CheckFunctionExists.c.o
/usr/bin/cc    -ffunction-sections -fdata-sections -fPIC -m64 -DCHECK_FUNCTION_EXISTS=connect   -o CMakeFiles/cmTC_96898.dir/CheckFunctionExists.c.o   -c /usr/share/cmake-3.5/Modules/CheckFunctionExists.c
Linking C executable cmTC_96898
/usr/bin/cmake -E cmake_link_script CMakeFiles/cmTC_96898.dir/link.txt --verbose=1
/usr/bin/cc   -ffunction-sections -fdata-sections -fPIC -m64 -DCHECK_FUNCTION_EXISTS=connect    CMakeFiles/cmTC_96898.dir/CheckFunctionExists.c.o  -o cmTC_96898 -rdynamic 
make[1]: Leaving directory '/home/unpatched/internetbroadcastingservice/target/release/build/glfw-sys-8482b73185c0cce9/out/build/CMakeFiles/CMakeTmp'


Determining if the function remove exists passed with the following output:
Change Dir: /home/unpatched/internetbroadcastingservice/target/release/build/glfw-sys-8482b73185c0cce9/out/build/CMakeFiles/CMakeTmp

Run Build Command:"/usr/bin/make" "cmTC_d2337/fast"
/usr/bin/make -f CMakeFiles/cmTC_d2337.dir/build.make CMakeFiles/cmTC_d2337.dir/build
make[1]: Entering directory '/home/unpatched/internetbroadcastingservice/target/release/build/glfw-sys-8482b73185c0cce9/out/build/CMakeFiles/CMakeTmp'
Building C object CMakeFiles/cmTC_d2337.dir/CheckFunctionExists.c.o
/usr/bin/cc    -ffunction-sections -fdata-sections -fPIC -m64 -DCHECK_FUNCTION_EXISTS=remove   -o CMakeFiles/cmTC_d2337.dir/CheckFunctionExists.c.o   -c /usr/share/cmake-3.5/Modules/CheckFunctionExists.c
Linking C executable cmTC_d2337
/usr/bin/cmake -E cmake_link_script CMakeFiles/cmTC_d2337.dir/link.txt --verbose=1
/usr/bin/cc   -ffunction-sections -fdata-sections -fPIC -m64 -DCHECK_FUNCTION_EXISTS=remove    CMakeFiles/cmTC_d2337.dir/CheckFunctionExists.c.o  -o cmTC_d2337 -rdynamic 
make[1]: Leaving directory '/home/unpatched/internetbroadcastingservice/target/release/build/glfw-sys-8482b73185c0cce9/out/build/CMakeFiles/CMakeTmp'


Determining if the function shmat exists passed with the following output:
Change Dir: /home/unpatched/internetbroadcastingservice/target/release/build/glfw-sys-8482b73185c0cce9/out/build/CMakeFiles/CMakeTmp

Run Build Command:"/usr/bin/make" "cmTC_d949c/fast"
/usr/bin/make -f CMakeFiles/cmTC_d949c.dir/build.make CMakeFiles/cmTC_d949c.dir/build
make[1]: Entering directory '/home/unpatched/internetbroadcastingservice/target/release/build/glfw-sys-8482b73185c0cce9/out/build/CMakeFiles/CMakeTmp'
Building C object CMakeFiles/cmTC_d949c.dir/CheckFunctionExists.c.o
/usr/bin/cc    -ffunction-sections -fdata-sections -fPIC -m64 -DCHECK_FUNCTION_EXISTS=shmat   -o CMakeFiles/cmTC_d949c.dir/CheckFunctionExists.c.o   -c /usr/share/cmake-3.5/Modules/CheckFunctionExists.c
Linking C executable cmTC_d949c
/usr/bin/cmake -E cmake_link_script CMakeFiles/cmTC_d949c.dir/link.txt --verbose=1
/usr/bin/cc   -ffunction-sections -fdata-sections -fPIC -m64 -DCHECK_FUNCTION_EXISTS=shmat    CMakeFiles/cmTC_d949c.dir/CheckFunctionExists.c.o  -o cmTC_d949c -rdynamic 
make[1]: Leaving directory '/home/unpatched/internetbroadcastingservice/target/release/build/glfw-sys-8482b73185c0cce9/out/build/CMakeFiles/CMakeTmp'


Determining if the function IceConnectionNumber exists in the ICE passed with the following output:
Change Dir: /home/unpatched/internetbroadcastingservice/target/release/build/glfw-sys-8482b73185c0cce9/out/build/CMakeFiles/CMakeTmp

Run Build Command:"/usr/bin/make" "cmTC_cf5e6/fast"
/usr/bin/make -f CMakeFiles/cmTC_cf5e6.dir/build.make CMakeFiles/cmTC_cf5e6.dir/build
make[1]: Entering directory '/home/unpatched/internetbroadcastingservice/target/release/build/glfw-sys-8482b73185c0cce9/out/build/CMakeFiles/CMakeTmp'
Building C object CMakeFiles/cmTC_cf5e6.dir/CheckFunctionExists.c.o
/usr/bin/cc    -ffunction-sections -fdata-sections -fPIC -m64 -DCHECK_FUNCTION_EXISTS=IceConnectionNumber   -o CMakeFiles/cmTC_cf5e6.dir/CheckFunctionExists.c.o   -c /usr/share/cmake-3.5/Modules/CheckFunctionExists.c
Linking C executable cmTC_cf5e6
/usr/bin/cmake -E cmake_link_script CMakeFiles/cmTC_cf5e6.dir/link.txt --verbose=1
/usr/bin/cc   -ffunction-sections -fdata-sections -fPIC -m64 -DCHECK_FUNCTION_EXISTS=IceConnectionNumber    CMakeFiles/cmTC_cf5e6.dir/CheckFunctionExists.c.o  -o cmTC_cf5e6 -rdynamic -lICE 
make[1]: Leaving directory '/home/unpatched/internetbroadcastingservice/target/release/build/glfw-sys-8482b73185c0cce9/out/build/CMakeFiles/CMakeTmp'


