Determining if the pthread_create exist failed with the following output:
Change Dir: /home/unpatched/internetbroadcastingservice/target/release/build/glfw-sys-8482b73185c0cce9/out/build/CMakeFiles/CMakeTmp

Run Build Command:"/usr/bin/make" "cmTC_d1895/fast"
/usr/bin/make -f CMakeFiles/cmTC_d1895.dir/build.make CMakeFiles/cmTC_d1895.dir/build
make[1]: Entering directory '/home/unpatched/internetbroadcastingservice/target/release/build/glfw-sys-8482b73185c0cce9/out/build/CMakeFiles/CMakeTmp'
Building C object CMakeFiles/cmTC_d1895.dir/CheckSymbolExists.c.o
/usr/bin/cc    -ffunction-sections -fdata-sections -fPIC -m64    -o CMakeFiles/cmTC_d1895.dir/CheckSymbolExists.c.o   -c /home/unpatched/internetbroadcastingservice/target/release/build/glfw-sys-8482b73185c0cce9/out/build/CMakeFiles/CMakeTmp/CheckSymbolExists.c
Linking C executable cmTC_d1895
/usr/bin/cmake -E cmake_link_script CMakeFiles/cmTC_d1895.dir/link.txt --verbose=1
/usr/bin/cc   -ffunction-sections -fdata-sections -fPIC -m64     CMakeFiles/cmTC_d1895.dir/CheckSymbolExists.c.o  -o cmTC_d1895 -rdynamic 
CMakeFiles/cmTC_d1895.dir/CheckSymbolExists.c.o: In function `main':
CheckSymbolExists.c:(.text.main+0x1b): undefined reference to `pthread_create'
collect2: error: ld returned 1 exit status
CMakeFiles/cmTC_d1895.dir/build.make:97: recipe for target 'cmTC_d1895' failed
make[1]: *** [cmTC_d1895] Error 1
make[1]: Leaving directory '/home/unpatched/internetbroadcastingservice/target/release/build/glfw-sys-8482b73185c0cce9/out/build/CMakeFiles/CMakeTmp'
Makefile:126: recipe for target 'cmTC_d1895/fast' failed
make: *** [cmTC_d1895/fast] Error 2

File /home/unpatched/internetbroadcastingservice/target/release/build/glfw-sys-8482b73185c0cce9/out/build/CMakeFiles/CMakeTmp/CheckSymbolExists.c:
/* */
#include <pthread.h>

int main(int argc, char** argv)
{
  (void)argv;
#ifndef pthread_create
  return ((int*)(&pthread_create))[argc];
#else
  (void)argc;
  return 0;
#endif
}

Determining if the function pthread_create exists in the pthreads failed with the following output:
Change Dir: /home/unpatched/internetbroadcastingservice/target/release/build/glfw-sys-8482b73185c0cce9/out/build/CMakeFiles/CMakeTmp

Run Build Command:"/usr/bin/make" "cmTC_98820/fast"
/usr/bin/make -f CMakeFiles/cmTC_98820.dir/build.make CMakeFiles/cmTC_98820.dir/build
make[1]: Entering directory '/home/unpatched/internetbroadcastingservice/target/release/build/glfw-sys-8482b73185c0cce9/out/build/CMakeFiles/CMakeTmp'
Building C object CMakeFiles/cmTC_98820.dir/CheckFunctionExists.c.o
/usr/bin/cc    -ffunction-sections -fdata-sections -fPIC -m64 -DCHECK_FUNCTION_EXISTS=pthread_create   -o CMakeFiles/cmTC_98820.dir/CheckFunctionExists.c.o   -c /usr/share/cmake-3.5/Modules/CheckFunctionExists.c
Linking C executable cmTC_98820
/usr/bin/cmake -E cmake_link_script CMakeFiles/cmTC_98820.dir/link.txt --verbose=1
/usr/bin/cc   -ffunction-sections -fdata-sections -fPIC -m64 -DCHECK_FUNCTION_EXISTS=pthread_create    CMakeFiles/cmTC_98820.dir/CheckFunctionExists.c.o  -o cmTC_98820 -rdynamic -lpthreads 
/usr/bin/ld: cannot find -lpthreads
collect2: error: ld returned 1 exit status
CMakeFiles/cmTC_98820.dir/build.make:97: recipe for target 'cmTC_98820' failed
make[1]: *** [cmTC_98820] Error 1
make[1]: Leaving directory '/home/unpatched/internetbroadcastingservice/target/release/build/glfw-sys-8482b73185c0cce9/out/build/CMakeFiles/CMakeTmp'
Makefile:126: recipe for target 'cmTC_98820/fast' failed
make: *** [cmTC_98820/fast] Error 2


