Determining if the pthread_create exist failed with the following output:
Change Dir: /home/unpatched/internetbroadcastingservice/target/debug/build/glfw-sys-bca9d62539394969/out/build/CMakeFiles/CMakeTmp

Run Build Command:"/usr/bin/make" "cmTC_15516/fast"
/usr/bin/make -f CMakeFiles/cmTC_15516.dir/build.make CMakeFiles/cmTC_15516.dir/build
make[1]: Entering directory '/home/unpatched/internetbroadcastingservice/target/debug/build/glfw-sys-bca9d62539394969/out/build/CMakeFiles/CMakeTmp'
Building C object CMakeFiles/cmTC_15516.dir/CheckSymbolExists.c.o
/usr/bin/cc    -ffunction-sections -fdata-sections -fPIC -m64    -o CMakeFiles/cmTC_15516.dir/CheckSymbolExists.c.o   -c /home/unpatched/internetbroadcastingservice/target/debug/build/glfw-sys-bca9d62539394969/out/build/CMakeFiles/CMakeTmp/CheckSymbolExists.c
Linking C executable cmTC_15516
/usr/bin/cmake -E cmake_link_script CMakeFiles/cmTC_15516.dir/link.txt --verbose=1
/usr/bin/cc   -ffunction-sections -fdata-sections -fPIC -m64     CMakeFiles/cmTC_15516.dir/CheckSymbolExists.c.o  -o cmTC_15516 -rdynamic 
CMakeFiles/cmTC_15516.dir/CheckSymbolExists.c.o: In function `main':
CheckSymbolExists.c:(.text.main+0x1b): undefined reference to `pthread_create'
collect2: error: ld returned 1 exit status
CMakeFiles/cmTC_15516.dir/build.make:97: recipe for target 'cmTC_15516' failed
make[1]: *** [cmTC_15516] Error 1
make[1]: Leaving directory '/home/unpatched/internetbroadcastingservice/target/debug/build/glfw-sys-bca9d62539394969/out/build/CMakeFiles/CMakeTmp'
Makefile:126: recipe for target 'cmTC_15516/fast' failed
make: *** [cmTC_15516/fast] Error 2

File /home/unpatched/internetbroadcastingservice/target/debug/build/glfw-sys-bca9d62539394969/out/build/CMakeFiles/CMakeTmp/CheckSymbolExists.c:
/* */
#include <pthread.h>

int main(int argc, char** argv)
{
  (void)argv;
#ifndef pthread_create
  return ((int*)(&pthread_create))[argc];
#else
  (void)argc;
  return 0;
#endif
}

Determining if the function pthread_create exists in the pthreads failed with the following output:
Change Dir: /home/unpatched/internetbroadcastingservice/target/debug/build/glfw-sys-bca9d62539394969/out/build/CMakeFiles/CMakeTmp

Run Build Command:"/usr/bin/make" "cmTC_59d78/fast"
/usr/bin/make -f CMakeFiles/cmTC_59d78.dir/build.make CMakeFiles/cmTC_59d78.dir/build
make[1]: Entering directory '/home/unpatched/internetbroadcastingservice/target/debug/build/glfw-sys-bca9d62539394969/out/build/CMakeFiles/CMakeTmp'
Building C object CMakeFiles/cmTC_59d78.dir/CheckFunctionExists.c.o
/usr/bin/cc    -ffunction-sections -fdata-sections -fPIC -m64 -DCHECK_FUNCTION_EXISTS=pthread_create   -o CMakeFiles/cmTC_59d78.dir/CheckFunctionExists.c.o   -c /usr/share/cmake-3.5/Modules/CheckFunctionExists.c
Linking C executable cmTC_59d78
/usr/bin/cmake -E cmake_link_script CMakeFiles/cmTC_59d78.dir/link.txt --verbose=1
/usr/bin/cc   -ffunction-sections -fdata-sections -fPIC -m64 -DCHECK_FUNCTION_EXISTS=pthread_create    CMakeFiles/cmTC_59d78.dir/CheckFunctionExists.c.o  -o cmTC_59d78 -rdynamic -lpthreads 
/usr/bin/ld: cannot find -lpthreads
collect2: error: ld returned 1 exit status
CMakeFiles/cmTC_59d78.dir/build.make:97: recipe for target 'cmTC_59d78' failed
make[1]: *** [cmTC_59d78] Error 1
make[1]: Leaving directory '/home/unpatched/internetbroadcastingservice/target/debug/build/glfw-sys-bca9d62539394969/out/build/CMakeFiles/CMakeTmp'
Makefile:126: recipe for target 'cmTC_59d78/fast' failed
make: *** [cmTC_59d78/fast] Error 2


